<?xml version="1.0" encoding="UTF-8"?>
<!-- Generated by org.testng.reporters.JUnitReportReporter -->
<testsuite hostname="SowjanyaHome" failures="0" tests="1" name="tests.NewArticleTestSet" time="43.683" errors="0" timestamp="2021-07-25T17:37:10 IST" skipped="0">
  <testcase classname="tests.NewArticleTestSet" name="publishNewTestingArticle" time="43.683"/>
  <system-out/>
</testsuite> <!-- tests.NewArticleTestSet -->
