<?xml version="1.0" encoding="UTF-8"?>
<!-- Generated by org.testng.reporters.JUnitReportReporter -->
<testsuite hostname="SowjanyaHome" failures="0" tests="2" name="tests.DatDrivenNewArticleTestSet" time="88.727" errors="0" timestamp="2021-07-25T17:00:47 IST" skipped="0">
  <testcase classname="tests.DatDrivenNewArticleTestSet" name="publishNewTestingArticle" time="48.098"/>
  <system-out/>
  <testcase classname="tests.DatDrivenNewArticleTestSet" name="publishNewTestingArticle" time="40.629"/>
  <system-out/>
</testsuite> <!-- tests.DatDrivenNewArticleTestSet -->
