<?xml version="1.0" encoding="UTF-8"?>
<!-- Generated by org.testng.reporters.JUnitReportReporter -->
<testsuite hostname="SowjanyaHome" failures="0" tests="1" name="baseclass.BaseTestSet" time="14.686" errors="0" timestamp="2021-07-23T19:32:45 IST" skipped="0">
  <testcase classname="baseclass.BaseTestSet" name="test" time="14.686"/>
  <system-out/>
</testsuite> <!-- baseclass.BaseTestSet -->
