<?xml version="1.0" encoding="UTF-8"?>
<!-- Generated by org.testng.reporters.JUnitReportReporter -->
<testsuite hostname="SowjanyaHome" failures="0" tests="1" name="drivercomponents.DriverFactory" time="92.717" errors="0" timestamp="2021-07-23T09:32:28 IST" skipped="0">
  <testcase classname="drivercomponents.DriverFactory" name="testing" time="92.717"/>
  <system-out/>
</testsuite> <!-- drivercomponents.DriverFactory -->
